# JRE version: OpenJDK Runtime Environment (8.0_222-b10) (build 1.8.0_222-b10)
# Java VM: OpenJDK 64-Bit Server VM (25.222-b10 mixed mode bsd-amd64 compressed oops)
Heap:
 PSYoungGen      total 574976K, used 53804K [0x000000076ab00000, 0x00000007a2800000, 0x00000007c0000000)
  eden space 534016K, 2% used [0x000000076ab00000,0x000000076b78f190,0x000000078b480000)
  from space 40960K, 99% used [0x000000078b480000,0x000000078dc7c218,0x000000078dc80000)
  to   space 73216K, 0% used [0x000000079e080000,0x000000079e080000,0x00000007a2800000)
 ParOldGen       total 188928K, used 121298K [0x00000006c0000000, 0x00000006cb880000, 0x000000076ab00000)
  object space 188928K, 64% used [0x00000006c0000000,0x00000006c7674b40,0x00000006cb880000)
 Metaspace       used 75733K, capacity 83252K, committed 83496K, reserved 1120256K
  class space    used 10446K, capacity 12309K, committed 12336K, reserved 1048576K
GC Heap History (10 events):
Event: 34.563 GC heap before
{Heap before GC invocations=8 (full 2):
 PSYoungGen      total 272896K, used 262144K [0x000000076ab00000, 0x0000000781880000, 0x00000007c0000000)
  eden space 262144K, 100% used [0x000000076ab00000,0x000000077ab00000,0x000000077ab00000)
  from space 10752K, 0% used [0x000000077ab00000,0x000000077ab00000,0x000000077b580000)
  to   space 15872K, 0% used [0x0000000780900000,0x0000000780900000,0x0000000781880000)
 ParOldGen       total 136704K, used 18888K [0x00000006c0000000, 0x00000006c8580000, 0x000000076ab00000)
  object space 136704K, 13% used [0x00000006c0000000,0x00000006c12720a0,0x00000006c8580000)
 Metaspace       used 51598K, capacity 54094K, committed 54312K, reserved 1095680K
  class space    used 7007K, capacity 7603K, committed 7728K, reserved 1048576K
Event: 34.654 GC heap after
Heap after GC invocations=8 (full 2):
 PSYoungGen      total 349184K, used 15866K [0x000000076ab00000, 0x0000000788400000, 0x00000007c0000000)
  eden space 333312K, 0% used [0x000000076ab00000,0x000000076ab00000,0x000000077f080000)
  from space 15872K, 99% used [0x0000000780900000,0x000000078187e830,0x0000000781880000)
  to   space 25088K, 0% used [0x000000077f080000,0x000000077f080000,0x0000000780900000)
 ParOldGen       total 136704K, used 31364K [0x00000006c0000000, 0x00000006c8580000, 0x000000076ab00000)
  object space 136704K, 22% used [0x00000006c0000000,0x00000006c1ea1088,0x00000006c8580000)
 Metaspace       used 51598K, capacity 54094K, committed 54312K, reserved 1095680K
  class space    used 7007K, capacity 7603K, committed 7728K, reserved 1048576K
}
Event: 36.351 GC heap before
{Heap before GC invocations=9 (full 2):
 PSYoungGen      total 349184K, used 102598K [0x000000076ab00000, 0x0000000788400000, 0x00000007c0000000)
  eden space 333312K, 26% used [0x000000076ab00000,0x000000076ffb3238,0x000000077f080000)
  from space 15872K, 99% used [0x0000000780900000,0x000000078187e830,0x0000000781880000)
  to   space 25088K, 0% used [0x000000077f080000,0x000000077f080000,0x0000000780900000)
 ParOldGen       total 136704K, used 31364K [0x00000006c0000000, 0x00000006c8580000, 0x000000076ab00000)
  object space 136704K, 22% used [0x00000006c0000000,0x00000006c1ea1088,0x00000006c8580000)
 Metaspace       used 56419K, capacity 59110K, committed 59160K, reserved 1099776K
  class space    used 7719K, capacity 8364K, committed 8368K, reserved 1048576K
Event: 36.375 GC heap after
Heap after GC invocations=9 (full 2):
 PSYoungGen      total 358400K, used 24343K [0x000000076ab00000, 0x000000078fa80000, 0x00000007c0000000)
  eden space 333312K, 0% used [0x000000076ab00000,0x000000076ab00000,0x000000077f080000)
  from space 25088K, 97% used [0x000000077f080000,0x0000000780845f18,0x0000000780900000)
  to   space 28672K, 0% used [0x000000078de80000,0x000000078de80000,0x000000078fa80000)
 ParOldGen       total 136704K, used 31436K [0x00000006c0000000, 0x00000006c8580000, 0x000000076ab00000)
  object space 136704K, 22% used [0x00000006c0000000,0x00000006c1eb3098,0x00000006c8580000)
 Metaspace       used 56419K, capacity 59110K, committed 59160K, reserved 1099776K
  class space    used 7719K, capacity 8364K, committed 8368K, reserved 1048576K
}
Event: 36.375 GC heap before
{Heap before GC invocations=10 (full 3):
 PSYoungGen      total 358400K, used 24343K [0x000000076ab00000, 0x000000078fa80000, 0x00000007c0000000)
  eden space 333312K, 0% used [0x000000076ab00000,0x000000076ab00000,0x000000077f080000)
  from space 25088K, 97% used [0x000000077f080000,0x0000000780845f18,0x0000000780900000)
  to   space 28672K, 0% used [0x000000078de80000,0x000000078de80000,0x000000078fa80000)
 ParOldGen       total 136704K, used 31436K [0x00000006c0000000, 0x00000006c8580000, 0x000000076ab00000)
  object space 136704K, 22% used [0x00000006c0000000,0x00000006c1eb3098,0x00000006c8580000)
 Metaspace       used 56419K, capacity 59110K, committed 59160K, reserved 1099776K
  class space    used 7719K, capacity 8364K, committed 8368K, reserved 1048576K
Event: 36.610 GC heap after
Heap after GC invocations=10 (full 3):
 PSYoungGen      total 358400K, used 0K [0x000000076ab00000, 0x000000078fa80000, 0x00000007c0000000)
  eden space 333312K, 0% used [0x000000076ab00000,0x000000076ab00000,0x000000077f080000)
  from space 25088K, 0% used [0x000000077f080000,0x000000077f080000,0x0000000780900000)
  to   space 28672K, 0% used [0x000000078de80000,0x000000078de80000,0x000000078fa80000)
 ParOldGen       total 188928K, used 39482K [0x00000006c0000000, 0x00000006cb880000, 0x000000076ab00000)
  object space 188928K, 20% used [0x00000006c0000000,0x00000006c268eba8,0x00000006cb880000)
 Metaspace       used 56372K, capacity 58948K, committed 59160K, reserved 1099776K
  class space    used 7704K, capacity 8337K, committed 8368K, reserved 1048576K
}
Event: 43.018 GC heap before
{Heap before GC invocations=11 (full 3):
 PSYoungGen      total 358400K, used 333312K [0x000000076ab00000, 0x000000078fa80000, 0x00000007c0000000)
  eden space 333312K, 100% used [0x000000076ab00000,0x000000077f080000,0x000000077f080000)
  from space 25088K, 0% used [0x000000077f080000,0x000000077f080000,0x0000000780900000)
  to   space 28672K, 0% used [0x000000078de80000,0x000000078de80000,0x000000078fa80000)
 ParOldGen       total 188928K, used 39482K [0x00000006c0000000, 0x00000006cb880000, 0x000000076ab00000)
  object space 188928K, 20% used [0x00000006c0000000,0x00000006c268eba8,0x00000006cb880000)
 Metaspace       used 66822K, capacity 72236K, committed 72488K, reserved 1112064K
  class space    used 9230K, capacity 10676K, committed 10800K, reserved 1048576K
Event: 43.086 GC heap after
Heap after GC invocations=11 (full 3):
 PSYoungGen      total 562688K, used 28641K [0x000000076ab00000, 0x0000000790480000, 0x00000007c0000000)
  eden space 534016K, 0% used [0x000000076ab00000,0x000000076ab00000,0x000000078b480000)
  from space 28672K, 99% used [0x000000078de80000,0x000000078fa784b0,0x000000078fa80000)
  to   space 40960K, 0% used [0x000000078b480000,0x000000078b480000,0x000000078dc80000)
 ParOldGen       total 188928K, used 57243K [0x00000006c0000000, 0x00000006cb880000, 0x000000076ab00000)
  object space 188928K, 30% used [0x00000006c0000000,0x00000006c37e6e10,0x00000006cb880000)
 Metaspace       used 66822K, capacity 72236K, committed 72488K, reserved 1112064K
  class space    used 9230K, capacity 10676K, committed 10800K, reserved 1048576K
}
Event: 49.001 GC heap before
{Heap before GC invocations=12 (full 3):
 PSYoungGen      total 562688K, used 562657K [0x000000076ab00000, 0x0000000790480000, 0x00000007c0000000)
  eden space 534016K, 100% used [0x000000076ab00000,0x000000078b480000,0x000000078b480000)
  from space 28672K, 99% used [0x000000078de80000,0x000000078fa784b0,0x000000078fa80000)
  to   space 40960K, 0% used [0x000000078b480000,0x000000078b480000,0x000000078dc80000)
 ParOldGen       total 188928K, used 57243K [0x00000006c0000000, 0x00000006cb880000, 0x000000076ab00000)
  object space 188928K, 30% used [0x00000006c0000000,0x00000006c37e6e10,0x00000006cb880000)
 Metaspace       used 75732K, capacity 83252K, committed 83496K, reserved 1120256K
  class space    used 10446K, capacity 12309K, committed 12336K, reserved 1048576K
Event: 49.386 GC heap after
Heap after GC invocations=12 (full 3):
 PSYoungGen      total 574976K, used 40944K [0x000000076ab00000, 0x00000007a2800000, 0x00000007c0000000)
  eden space 534016K, 0% used [0x000000076ab00000,0x000000076ab00000,0x000000078b480000)
  from space 40960K, 99% used [0x000000078b480000,0x000000078dc7c218,0x000000078dc80000)
  to   space 73216K, 0% used [0x000000079e080000,0x000000079e080000,0x00000007a2800000)
 ParOldGen       total 188928K, used 121298K [0x00000006c0000000, 0x00000006cb880000, 0x000000076ab00000)
  object space 188928K, 64% used [0x00000006c0000000,0x00000006c7674b40,0x00000006cb880000)
 Metaspace       used 75732K, capacity 83252K, committed 83496K, reserved 1120256K
  class space    used 10446K, capacity 12309K, committed 12336K, reserved 1048576K
}

