# JRE version: OpenJDK Runtime Environment (8.0_222-b10) (build 1.8.0_222-b10)
# Java VM: OpenJDK 64-Bit Server VM (25.222-b10 mixed mode bsd-amd64 compressed oops)
Heap:
 PSYoungGen      total 347136K, used 220118K [0x000000076ab00000, 0x0000000784000000, 0x00000007c0000000)
  eden space 318464K, 60% used [0x000000076ab00000,0x00000007765f9618,0x000000077e200000)
  from space 28672K, 99% used [0x0000000780b00000,0x00000007826fc248,0x0000000782700000)
  to   space 41984K, 0% used [0x000000077e200000,0x000000077e200000,0x0000000780b00000)
 ParOldGen       total 172032K, used 78147K [0x00000006c0000000, 0x00000006ca800000, 0x000000076ab00000)
  object space 172032K, 45% used [0x00000006c0000000,0x00000006c4c50d18,0x00000006ca800000)
 Metaspace       used 73849K, capacity 80168K, committed 80424K, reserved 1118208K
  class space    used 10099K, capacity 11803K, committed 11824K, reserved 1048576K
GC Heap History (10 events):
Event: 58.506 GC heap before
{Heap before GC invocations=11 (full 2):
 PSYoungGen      total 190976K, used 190952K [0x000000076ab00000, 0x0000000778000000, 0x00000007c0000000)
  eden space 177664K, 100% used [0x000000076ab00000,0x0000000775880000,0x0000000775880000)
  from space 13312K, 99% used [0x0000000776700000,0x00000007773fa2d0,0x0000000777400000)
  to   space 14848K, 0% used [0x0000000775880000,0x0000000775880000,0x0000000776700000)
 ParOldGen       total 122368K, used 17981K [0x00000006c0000000, 0x00000006c7780000, 0x000000076ab00000)
  object space 122368K, 14% used [0x00000006c0000000,0x00000006c118f4b0,0x00000006c7780000)
 Metaspace       used 53356K, capacity 55756K, committed 55976K, reserved 1097728K
  class space    used 7232K, capacity 7786K, committed 7856K, reserved 1048576K
Event: 58.528 GC heap after
Heap after GC invocations=11 (full 2):
 PSYoungGen      total 192512K, used 14844K [0x000000076ab00000, 0x000000077c600000, 0x00000007c0000000)
  eden space 177664K, 0% used [0x000000076ab00000,0x000000076ab00000,0x0000000775880000)
  from space 14848K, 99% used [0x0000000775880000,0x00000007766ff0e0,0x0000000776700000)
  to   space 20480K, 0% used [0x000000077b200000,0x000000077b200000,0x000000077c600000)
 ParOldGen       total 122368K, used 27586K [0x00000006c0000000, 0x00000006c7780000, 0x000000076ab00000)
  object space 122368K, 22% used [0x00000006c0000000,0x00000006c1af0a70,0x00000006c7780000)
 Metaspace       used 53356K, capacity 55756K, committed 55976K, reserved 1097728K
  class space    used 7232K, capacity 7786K, committed 7856K, reserved 1048576K
}
Event: 60.294 GC heap before
{Heap before GC invocations=12 (full 2):
 PSYoungGen      total 192512K, used 68082K [0x000000076ab00000, 0x000000077c600000, 0x00000007c0000000)
  eden space 177664K, 29% used [0x000000076ab00000,0x000000076defd800,0x0000000775880000)
  from space 14848K, 99% used [0x0000000775880000,0x00000007766ff0e0,0x0000000776700000)
  to   space 20480K, 0% used [0x000000077b200000,0x000000077b200000,0x000000077c600000)
 ParOldGen       total 122368K, used 27586K [0x00000006c0000000, 0x00000006c7780000, 0x000000076ab00000)
  object space 122368K, 22% used [0x00000006c0000000,0x00000006c1af0a70,0x00000006c7780000)
 Metaspace       used 56468K, capacity 59110K, committed 59160K, reserved 1099776K
  class space    used 7715K, capacity 8356K, committed 8368K, reserved 1048576K
Event: 60.309 GC heap after
Heap after GC invocations=12 (full 2):
 PSYoungGen      total 266240K, used 14340K [0x000000076ab00000, 0x000000077c480000, 0x00000007c0000000)
  eden space 247296K, 0% used [0x000000076ab00000,0x000000076ab00000,0x0000000779c80000)
  from space 18944K, 75% used [0x000000077b200000,0x000000077c001318,0x000000077c480000)
  to   space 20480K, 0% used [0x0000000779c80000,0x0000000779c80000,0x000000077b080000)
 ParOldGen       total 122368K, used 33954K [0x00000006c0000000, 0x00000006c7780000, 0x000000076ab00000)
  object space 122368K, 27% used [0x00000006c0000000,0x00000006c2128948,0x00000006c7780000)
 Metaspace       used 56468K, capacity 59110K, committed 59160K, reserved 1099776K
  class space    used 7715K, capacity 8356K, committed 8368K, reserved 1048576K
}
Event: 60.309 GC heap before
{Heap before GC invocations=13 (full 3):
 PSYoungGen      total 266240K, used 14340K [0x000000076ab00000, 0x000000077c480000, 0x00000007c0000000)
  eden space 247296K, 0% used [0x000000076ab00000,0x000000076ab00000,0x0000000779c80000)
  from space 18944K, 75% used [0x000000077b200000,0x000000077c001318,0x000000077c480000)
  to   space 20480K, 0% used [0x0000000779c80000,0x0000000779c80000,0x000000077b080000)
 ParOldGen       total 122368K, used 33954K [0x00000006c0000000, 0x00000006c7780000, 0x000000076ab00000)
  object space 122368K, 27% used [0x00000006c0000000,0x00000006c2128948,0x00000006c7780000)
 Metaspace       used 56468K, capacity 59110K, committed 59160K, reserved 1099776K
  class space    used 7715K, capacity 8356K, committed 8368K, reserved 1048576K
Event: 60.590 GC heap after
Heap after GC invocations=13 (full 3):
 PSYoungGen      total 266240K, used 0K [0x000000076ab00000, 0x000000077c480000, 0x00000007c0000000)
  eden space 247296K, 0% used [0x000000076ab00000,0x000000076ab00000,0x0000000779c80000)
  from space 18944K, 0% used [0x000000077b200000,0x000000077b200000,0x000000077c480000)
  to   space 20480K, 0% used [0x0000000779c80000,0x0000000779c80000,0x000000077b080000)
 ParOldGen       total 172032K, used 37161K [0x00000006c0000000, 0x00000006ca800000, 0x000000076ab00000)
  object space 172032K, 21% used [0x00000006c0000000,0x00000006c244a460,0x00000006ca800000)
 Metaspace       used 56436K, capacity 59002K, committed 59160K, reserved 1099776K
  class space    used 7705K, capacity 8338K, committed 8368K, reserved 1048576K
}
Event: 68.808 GC heap before
{Heap before GC invocations=14 (full 3):
 PSYoungGen      total 266240K, used 247296K [0x000000076ab00000, 0x000000077c480000, 0x00000007c0000000)
  eden space 247296K, 100% used [0x000000076ab00000,0x0000000779c80000,0x0000000779c80000)
  from space 18944K, 0% used [0x000000077b200000,0x000000077b200000,0x000000077c480000)
  to   space 20480K, 0% used [0x0000000779c80000,0x0000000779c80000,0x000000077b080000)
 ParOldGen       total 172032K, used 37161K [0x00000006c0000000, 0x00000006ca800000, 0x000000076ab00000)
  object space 172032K, 21% used [0x00000006c0000000,0x00000006c244a460,0x00000006ca800000)
 Metaspace       used 65176K, capacity 69974K, committed 70184K, reserved 1110016K
  class space    used 8964K, capacity 10266K, committed 10288K, reserved 1048576K
Event: 68.844 GC heap after
Heap after GC invocations=14 (full 3):
 PSYoungGen      total 267776K, used 20464K [0x000000076ab00000, 0x0000000782700000, 0x00000007c0000000)
  eden space 247296K, 0% used [0x000000076ab00000,0x000000076ab00000,0x0000000779c80000)
  from space 20480K, 99% used [0x0000000779c80000,0x000000077b07c030,0x000000077b080000)
  to   space 28672K, 0% used [0x0000000780b00000,0x0000000780b00000,0x0000000782700000)
 ParOldGen       total 172032K, used 52011K [0x00000006c0000000, 0x00000006ca800000, 0x000000076ab00000)
  object space 172032K, 30% used [0x00000006c0000000,0x00000006c32cad78,0x00000006ca800000)
 Metaspace       used 65176K, capacity 69974K, committed 70184K, reserved 1110016K
  class space    used 8964K, capacity 10266K, committed 10288K, reserved 1048576K
}
Event: 74.619 GC heap before
{Heap before GC invocations=15 (full 3):
 PSYoungGen      total 267776K, used 267760K [0x000000076ab00000, 0x0000000782700000, 0x00000007c0000000)
  eden space 247296K, 100% used [0x000000076ab00000,0x0000000779c80000,0x0000000779c80000)
  from space 20480K, 99% used [0x0000000779c80000,0x000000077b07c030,0x000000077b080000)
  to   space 28672K, 0% used [0x0000000780b00000,0x0000000780b00000,0x0000000782700000)
 ParOldGen       total 172032K, used 52011K [0x00000006c0000000, 0x00000006ca800000, 0x000000076ab00000)
  object space 172032K, 30% used [0x00000006c0000000,0x00000006c32cad78,0x00000006ca800000)
 Metaspace       used 72619K, capacity 78650K, committed 78888K, reserved 1116160K
  class space    used 9961K, capacity 11568K, committed 11568K, reserved 1048576K
Event: 74.668 GC heap after
Heap after GC invocations=15 (full 3):
 PSYoungGen      total 347136K, used 28656K [0x000000076ab00000, 0x0000000784000000, 0x00000007c0000000)
  eden space 318464K, 0% used [0x000000076ab00000,0x000000076ab00000,0x000000077e200000)
  from space 28672K, 99% used [0x0000000780b00000,0x00000007826fc248,0x0000000782700000)
  to   space 41984K, 0% used [0x000000077e200000,0x000000077e200000,0x0000000780b00000)
 ParOldGen       total 172032K, used 78147K [0x00000006c0000000, 0x00000006ca800000, 0x000000076ab00000)
  object space 172032K, 45% used [0x00000006c0000000,0x00000006c4c50d18,0x00000006ca800000)
 Metaspace       used 72619K, capacity 78650K, committed 78888K, reserved 1116160K
  class space    used 9961K, capacity 11568K, committed 11568K, reserved 1048576K
}

